
64. Printing statistics.

=== top_accelerator ===

   Number of wires:               8353
   Number of wire bits:           8713
   Number of public wires:         446
   Number of public wire bits:     806
   Number of memories:               0
   Number of memory bits:            0
   Number of processes:              0
   Number of cells:               8643
     sky130_fd_sc_hd__a2111o_2       2
     sky130_fd_sc_hd__a2111oi_2      2
     sky130_fd_sc_hd__a211o_2       89
     sky130_fd_sc_hd__a211oi_2      49
     sky130_fd_sc_hd__a21bo_2      114
     sky130_fd_sc_hd__a21boi_2      29
     sky130_fd_sc_hd__a21o_2       378
     sky130_fd_sc_hd__a21oi_2      335
     sky130_fd_sc_hd__a221o_2       12
     sky130_fd_sc_hd__a22o_2       314
     sky130_fd_sc_hd__a22oi_2      128
     sky130_fd_sc_hd__a2bb2o_2      56
     sky130_fd_sc_hd__a311o_2       55
     sky130_fd_sc_hd__a31o_2       197
     sky130_fd_sc_hd__a31oi_2       79
     sky130_fd_sc_hd__a32o_2        13
     sky130_fd_sc_hd__a32oi_2       13
     sky130_fd_sc_hd__a41o_2        17
     sky130_fd_sc_hd__and2_2       239
     sky130_fd_sc_hd__and2b_2      114
     sky130_fd_sc_hd__and3_2       304
     sky130_fd_sc_hd__and3b_2        7
     sky130_fd_sc_hd__and4_2       208
     sky130_fd_sc_hd__and4bb_2      26
     sky130_fd_sc_hd__buf_1        875
     sky130_fd_sc_hd__dfrtp_2      736
     sky130_fd_sc_hd__inv_2        166
     sky130_fd_sc_hd__mux2_2       643
     sky130_fd_sc_hd__nand2_2      755
     sky130_fd_sc_hd__nand3_2      237
     sky130_fd_sc_hd__nand3b_2       1
     sky130_fd_sc_hd__nand4_2      166
     sky130_fd_sc_hd__nor2_2       385
     sky130_fd_sc_hd__nor3_2        42
     sky130_fd_sc_hd__nor3b_2        4
     sky130_fd_sc_hd__o2111a_2      15
     sky130_fd_sc_hd__o211a_2       54
     sky130_fd_sc_hd__o211ai_2      59
     sky130_fd_sc_hd__o21a_2        54
     sky130_fd_sc_hd__o21ai_2       64
     sky130_fd_sc_hd__o21ba_2       64
     sky130_fd_sc_hd__o21bai_2      11
     sky130_fd_sc_hd__o22a_2         1
     sky130_fd_sc_hd__o22ai_2        1
     sky130_fd_sc_hd__o2bb2a_2      28
     sky130_fd_sc_hd__o31a_2         5
     sky130_fd_sc_hd__o31ai_2       17
     sky130_fd_sc_hd__or2_2        217
     sky130_fd_sc_hd__or2b_2       134
     sky130_fd_sc_hd__or3_2         58
     sky130_fd_sc_hd__or3b_2        12
     sky130_fd_sc_hd__or4_2         16
     sky130_fd_sc_hd__or4bb_2        3
     sky130_fd_sc_hd__xnor2_2      723
     sky130_fd_sc_hd__xor2_2       317

   Chip area for module '\top_accelerator': 92796.499200

